<?xml version="1.0" encoding="UTF-8"?>
<!-- Generated by org.testng.reporters.JUnitReportReporter -->
<testsuite name="dowuTests.host" tests="1" time="26.630" ignored="1" failures="0" timestamp="04 Mar 2019 06:37:01 GMT" skipped="0" hostname="Praniksha-PC" errors="0">
  <testcase name="hostlogin" time="26.630" classname="dowuTests.host"/>
  <testcase name="loginasdoctor" classname="dowuTests.host">
    <skipped/>
  </testcase> <!-- loginasdoctor -->
</testsuite> <!-- dowuTests.host -->
